This is pdfTeX, Version 3.14159265-2.6-1.40.17 (MiKTeX 2.9.6210 64-bit) (preloaded format=pdflatex 2017.4.21)  5 JUL 2017 19:16
entering extended mode
**./main.tex
(main.tex
LaTeX2e <2017/01/01> patch level 1
Babel <3.9r> and hyphenation patterns for 75 language(s) loaded.
("E:\Program Files\MiKTeX 2.9\tex\latex\base\book.cls"
Document Class: book 2014/09/29 v1.4h Standard LaTeX document class
("E:\Program Files\MiKTeX 2.9\tex\latex\base\bk12.clo"
File: bk12.clo 2014/09/29 v1.4h Standard LaTeX file (size option)
)
\c@part=\count79
\c@chapter=\count80
\c@section=\count81
\c@subsection=\count82
\c@subsubsection=\count83
\c@paragraph=\count84
\c@subparagraph=\count85
\c@figure=\count86
\c@table=\count87
\abovecaptionskip=\skip41
\belowcaptionskip=\skip42
\bibindent=\dimen102
)
("E:\Program Files\MiKTeX 2.9\tex\generic\babel\babel.sty"
Package: babel 2016/04/23 3.9r The Babel package

*************************************
* Local config file bblopts.cfg used
*
("E:\Program Files\MiKTeX 2.9\tex\latex\arabi\bblopts.cfg"
File: bblopts.cfg 2005/09/08 v0.1 add Arabic and Farsi to "declared" options of
 babel
)
("E:\Program Files\MiKTeX 2.9\tex\latex\babel-english\english.ldf"
Language: english 2017/01/24 v3.3q English support from the babel system

("E:\Program Files\MiKTeX 2.9\tex\generic\babel\babel.def"
File: babel.def 2016/04/23 3.9r Babel common definitions
\babel@savecnt=\count88
\U@D=\dimen103
)
\l@canadian = a dialect from \language\l@american 
\l@australian = a dialect from \language\l@british 
\l@newzealand = a dialect from \language\l@british 
))
("E:\Program Files\MiKTeX 2.9\tex\latex\blindtext\blindtext.sty"
Package: blindtext 2012/01/06 V2.0 blindtext-Package

("E:\Program Files\MiKTeX 2.9\tex\latex\tools\xspace.sty"
Package: xspace 2014/10/28 v1.13 Space after command names (DPC,MH)
)
\c@blindtext=\count89
\c@Blindtext=\count90
\c@blind@countparstart=\count91
\blind@countxx=\count92
\blindtext@numBlindtext=\count93
\blind@countyy=\count94
\c@blindlist=\count95
\c@blindlistlevel=\count96
\c@blindlist@level=\count97
\blind@listitem=\count98
\c@blind@listcount=\count99
\c@blind@levelcount=\count100
\blind@mathformula=\count101
\blind@Mathformula=\count102
\c@blind@randomcount=\count103
\c@blind@randommax=\count104
\c@blind@pangramcount=\count105
\c@blind@pangrammax=\count106
)
("E:\Program Files\MiKTeX 2.9\tex\latex\hyperref\hyperref.sty"
Package: hyperref 2016/06/24 v6.83q Hypertext links for LaTeX

("E:\Program Files\MiKTeX 2.9\tex\generic\oberdiek\hobsub-hyperref.sty"
Package: hobsub-hyperref 2016/05/16 v1.14 Bundle oberdiek, subset hyperref (HO)


("E:\Program Files\MiKTeX 2.9\tex\generic\oberdiek\hobsub-generic.sty"
Package: hobsub-generic 2016/05/16 v1.14 Bundle oberdiek, subset generic (HO)
Package: hobsub 2016/05/16 v1.14 Construct package bundles (HO)
Package: infwarerr 2016/05/16 v1.4 Providing info/warning/error messages (HO)
Package: ltxcmds 2016/05/16 v1.23 LaTeX kernel commands for general use (HO)
Package: ifluatex 2016/05/16 v1.4 Provides the ifluatex switch (HO)
Package ifluatex Info: LuaTeX not detected.
Package: ifvtex 2016/05/16 v1.6 Detect VTeX and its facilities (HO)
Package ifvtex Info: VTeX not detected.
Package: intcalc 2016/05/16 v1.2 Expandable calculations with integers (HO)
Package: ifpdf 2016/05/14 v3.1 Provides the ifpdf switch
Package: etexcmds 2016/05/16 v1.6 Avoid name clashes with e-TeX commands (HO)
Package etexcmds Info: Could not find \expanded.
(etexcmds)             That can mean that you are not using pdfTeX 1.50 or
(etexcmds)             that some package has redefined \expanded.
(etexcmds)             In the latter case, load this package earlier.
Package: kvsetkeys 2016/05/16 v1.17 Key value parser (HO)
Package: kvdefinekeys 2016/05/16 v1.4 Define keys (HO)
Package: pdftexcmds 2016/05/21 v0.22 Utility functions of pdfTeX for LuaTeX (HO
)
Package pdftexcmds Info: LuaTeX not detected.
Package pdftexcmds Info: \pdf@primitive is available.
Package pdftexcmds Info: \pdf@ifprimitive is available.
Package pdftexcmds Info: \pdfdraftmode found.
Package: pdfescape 2016/05/16 v1.14 Implements pdfTeX's escape features (HO)
Package: bigintcalc 2016/05/16 v1.4 Expandable calculations on big integers (HO
)
Package: bitset 2016/05/16 v1.2 Handle bit-vector datatype (HO)
Package: uniquecounter 2016/05/16 v1.3 Provide unlimited unique counter (HO)
)
Package hobsub Info: Skipping package `hobsub' (already loaded).
Package: letltxmacro 2016/05/16 v1.5 Let assignment for LaTeX macros (HO)
Package: hopatch 2016/05/16 v1.3 Wrapper for package hooks (HO)
Package: xcolor-patch 2016/05/16 xcolor patch
Package: atveryend 2016/05/16 v1.9 Hooks at the very end of document (HO)
Package atveryend Info: \enddocument detected (standard20110627).
Package: atbegshi 2016/06/09 v1.18 At begin shipout hook (HO)
Package: refcount 2016/05/16 v3.5 Data extraction from label references (HO)
Package: hycolor 2016/05/16 v1.8 Color options for hyperref/bookmark (HO)
)
("E:\Program Files\MiKTeX 2.9\tex\latex\graphics\keyval.sty"
Package: keyval 2014/10/28 v1.15 key=value parser (DPC)
\KV@toks@=\toks14
)
("E:\Program Files\MiKTeX 2.9\tex\generic\ifxetex\ifxetex.sty"
Package: ifxetex 2010/09/12 v0.6 Provides ifxetex conditional
)
("E:\Program Files\MiKTeX 2.9\tex\latex\oberdiek\auxhook.sty"
Package: auxhook 2016/05/16 v1.4 Hooks for auxiliary files (HO)
)
("E:\Program Files\MiKTeX 2.9\tex\latex\oberdiek\kvoptions.sty"
Package: kvoptions 2016/05/16 v3.12 Key value format for package options (HO)
)
\@linkdim=\dimen104
\Hy@linkcounter=\count107
\Hy@pagecounter=\count108

("E:\Program Files\MiKTeX 2.9\tex\latex\hyperref\pd1enc.def"
File: pd1enc.def 2016/06/24 v6.83q Hyperref: PDFDocEncoding definition (HO)
)
\Hy@SavedSpaceFactor=\count109

("E:\Program Files\MiKTeX 2.9\tex\latex\00miktex\hyperref.cfg"
File: hyperref.cfg 2002/06/06 v1.2 hyperref configuration of TeXLive
)
Package hyperref Info: Hyper figures OFF on input line 4486.
Package hyperref Info: Link nesting OFF on input line 4491.
Package hyperref Info: Hyper index ON on input line 4494.
Package hyperref Info: Plain pages OFF on input line 4501.
Package hyperref Info: Backreferencing OFF on input line 4506.
Package hyperref Info: Implicit mode ON; LaTeX internals redefined.
Package hyperref Info: Bookmarks ON on input line 4735.
\c@Hy@tempcnt=\count110

("E:\Program Files\MiKTeX 2.9\tex\latex\url\url.sty"
\Urlmuskip=\muskip10
Package: url 2013/09/16  ver 3.4  Verb mode for urls, etc.
)
LaTeX Info: Redefining \url on input line 5088.
\XeTeXLinkMargin=\dimen105
\Fld@menulength=\count111
\Field@Width=\dimen106
\Fld@charsize=\dimen107
Package hyperref Info: Hyper figures OFF on input line 6342.
Package hyperref Info: Link nesting OFF on input line 6347.
Package hyperref Info: Hyper index ON on input line 6350.
Package hyperref Info: backreferencing OFF on input line 6357.
Package hyperref Info: Link coloring OFF on input line 6362.
Package hyperref Info: Link coloring with OCG OFF on input line 6367.
Package hyperref Info: PDF/A mode OFF on input line 6372.
LaTeX Info: Redefining \ref on input line 6412.
LaTeX Info: Redefining \pageref on input line 6416.
\Hy@abspage=\count112
\c@Item=\count113
\c@Hfootnote=\count114
)

Package hyperref Message: Driver (autodetected): hpdftex.

("E:\Program Files\MiKTeX 2.9\tex\latex\hyperref\hpdftex.def"
File: hpdftex.def 2016/06/24 v6.83q Hyperref driver for pdfTeX
\Fld@listcount=\count115
\c@bookmark@seq@number=\count116

("E:\Program Files\MiKTeX 2.9\tex\latex\oberdiek\rerunfilecheck.sty"
Package: rerunfilecheck 2016/05/16 v1.8 Rerun checks for auxiliary files (HO)
Package uniquecounter Info: New unique counter `rerunfilecheck' on input line 2
82.
)
\Hy@SectionHShift=\skip43
)
("E:\Program Files\MiKTeX 2.9\tex\latex\fancyhdr\fancyhdr.sty"
Package: fancyhdr 2016/10/11 v3.9 Extensive control of page headers and footers

\f@nch@headwidth=\skip44
\f@nch@O@elh=\skip45
\f@nch@O@erh=\skip46
\f@nch@O@olh=\skip47
\f@nch@O@orh=\skip48
\f@nch@O@elf=\skip49
\f@nch@O@erf=\skip50
\f@nch@O@olf=\skip51
\f@nch@O@orf=\skip52
)
("E:\Program Files\MiKTeX 2.9\tex\latex\titlesec\titlesec.sty"
Package: titlesec 2016/03/21 v2.10.2 Sectioning titles
\ttl@box=\box26
\beforetitleunit=\skip53
\aftertitleunit=\skip54
\ttl@plus=\dimen108
\ttl@minus=\dimen109
\ttl@toksa=\toks15
\titlewidth=\dimen110
\titlewidthlast=\dimen111
\titlewidthfirst=\dimen112
)
("E:\Program Files\MiKTeX 2.9\tex\latex\tcolorbox\tcolorbox.sty"
Package: tcolorbox 2017/04/25 version 4.03 text color boxes

("E:\Program Files\MiKTeX 2.9\tex\latex\pgf\basiclayer\pgf.sty"
("E:\Program Files\MiKTeX 2.9\tex\latex\pgf\utilities\pgfrcs.sty"
("E:\Program Files\MiKTeX 2.9\tex\generic\pgf\utilities\pgfutil-common.tex"
\pgfutil@everybye=\toks16
\pgfutil@tempdima=\dimen113
\pgfutil@tempdimb=\dimen114

("E:\Program Files\MiKTeX 2.9\tex\generic\pgf\utilities\pgfutil-common-lists.te
x")) ("E:\Program Files\MiKTeX 2.9\tex\generic\pgf\utilities\pgfutil-latex.def"
\pgfutil@abb=\box27
("E:\Program Files\MiKTeX 2.9\tex\latex\ms\everyshi.sty"
Package: everyshi 2001/05/15 v3.00 EveryShipout Package (MS)
))
("E:\Program Files\MiKTeX 2.9\tex\generic\pgf\utilities\pgfrcs.code.tex"
Package: pgfrcs 2015/08/07 v3.0.1a (rcs-revision 1.31)
))
Package: pgf 2015/08/07 v3.0.1a (rcs-revision 1.15)

("E:\Program Files\MiKTeX 2.9\tex\latex\pgf\basiclayer\pgfcore.sty"
("E:\Program Files\MiKTeX 2.9\tex\latex\graphics\graphicx.sty"
Package: graphicx 2014/10/28 v1.0g Enhanced LaTeX Graphics (DPC,SPQR)

("E:\Program Files\MiKTeX 2.9\tex\latex\graphics\graphics.sty"
Package: graphics 2016/10/09 v1.0u Standard LaTeX Graphics (DPC,SPQR)

("E:\Program Files\MiKTeX 2.9\tex\latex\graphics\trig.sty"
Package: trig 2016/01/03 v1.10 sin cos tan (DPC)
)
("E:\Program Files\MiKTeX 2.9\tex\latex\graphics-cfg\graphics.cfg"
File: graphics.cfg 2016/06/04 v1.11 sample graphics configuration
)
Package graphics Info: Driver file: pdftex.def on input line 99.

("E:\Program Files\MiKTeX 2.9\tex\latex\graphics-def\pdftex.def"
File: pdftex.def 2017/01/12 v0.06k Graphics/color for pdfTeX
\Gread@gobject=\count117
))
\Gin@req@height=\dimen115
\Gin@req@width=\dimen116
)
("E:\Program Files\MiKTeX 2.9\tex\latex\pgf\systemlayer\pgfsys.sty"
("E:\Program Files\MiKTeX 2.9\tex\generic\pgf\systemlayer\pgfsys.code.tex"
Package: pgfsys 2014/07/09 v3.0.1a (rcs-revision 1.48)

("E:\Program Files\MiKTeX 2.9\tex\generic\pgf\utilities\pgfkeys.code.tex"
\pgfkeys@pathtoks=\toks17
\pgfkeys@temptoks=\toks18

("E:\Program Files\MiKTeX 2.9\tex\generic\pgf\utilities\pgfkeysfiltered.code.te
x"
\pgfkeys@tmptoks=\toks19
))
\pgf@x=\dimen117
\pgf@y=\dimen118
\pgf@xa=\dimen119
\pgf@ya=\dimen120
\pgf@xb=\dimen121
\pgf@yb=\dimen122
\pgf@xc=\dimen123
\pgf@yc=\dimen124
\w@pgf@writea=\write3
\r@pgf@reada=\read1
\c@pgf@counta=\count118
\c@pgf@countb=\count119
\c@pgf@countc=\count120
\c@pgf@countd=\count121
\t@pgf@toka=\toks20
\t@pgf@tokb=\toks21
\t@pgf@tokc=\toks22
 ("E:\Program Files\MiKTeX 2.9\tex\generic\pgf\systemlayer\pgf.cfg"
File: pgf.cfg 2008/05/14  (rcs-revision 1.7)
)
Driver file for pgf: pgfsys-pdftex.def

("E:\Program Files\MiKTeX 2.9\tex\generic\pgf\systemlayer\pgfsys-pdftex.def"
File: pgfsys-pdftex.def 2014/10/11  (rcs-revision 1.35)

("E:\Program Files\MiKTeX 2.9\tex\generic\pgf\systemlayer\pgfsys-common-pdf.def
"
File: pgfsys-common-pdf.def 2013/10/10  (rcs-revision 1.13)
)))
("E:\Program Files\MiKTeX 2.9\tex\generic\pgf\systemlayer\pgfsyssoftpath.code.t
ex"
File: pgfsyssoftpath.code.tex 2013/09/09  (rcs-revision 1.9)
\pgfsyssoftpath@smallbuffer@items=\count122
\pgfsyssoftpath@bigbuffer@items=\count123
)
("E:\Program Files\MiKTeX 2.9\tex\generic\pgf\systemlayer\pgfsysprotocol.code.t
ex"
File: pgfsysprotocol.code.tex 2006/10/16  (rcs-revision 1.4)
)) ("E:\Program Files\MiKTeX 2.9\tex\latex\xcolor\xcolor.sty"
Package: xcolor 2016/05/11 v2.12 LaTeX color extensions (UK)

("E:\Program Files\MiKTeX 2.9\tex\latex\graphics-cfg\color.cfg"
File: color.cfg 2016/01/02 v1.6 sample color configuration
)
Package xcolor Info: Driver file: pdftex.def on input line 225.
Package xcolor Info: Model `cmy' substituted by `cmy0' on input line 1348.
Package xcolor Info: Model `hsb' substituted by `rgb' on input line 1352.
Package xcolor Info: Model `RGB' extended on input line 1364.
Package xcolor Info: Model `HTML' substituted by `rgb' on input line 1366.
Package xcolor Info: Model `Hsb' substituted by `hsb' on input line 1367.
Package xcolor Info: Model `tHsb' substituted by `hsb' on input line 1368.
Package xcolor Info: Model `HSB' substituted by `hsb' on input line 1369.
Package xcolor Info: Model `Gray' substituted by `gray' on input line 1370.
Package xcolor Info: Model `wave' substituted by `hsb' on input line 1371.
)
("E:\Program Files\MiKTeX 2.9\tex\generic\pgf\basiclayer\pgfcore.code.tex"
Package: pgfcore 2010/04/11 v3.0.1a (rcs-revision 1.7)

("E:\Program Files\MiKTeX 2.9\tex\generic\pgf\math\pgfmath.code.tex"
("E:\Program Files\MiKTeX 2.9\tex\generic\pgf\math\pgfmathcalc.code.tex"
("E:\Program Files\MiKTeX 2.9\tex\generic\pgf\math\pgfmathutil.code.tex")
("E:\Program Files\MiKTeX 2.9\tex\generic\pgf\math\pgfmathparser.code.tex"
\pgfmath@dimen=\dimen125
\pgfmath@count=\count124
\pgfmath@box=\box28
\pgfmath@toks=\toks23
\pgfmath@stack@operand=\toks24
\pgfmath@stack@operation=\toks25
)
("E:\Program Files\MiKTeX 2.9\tex\generic\pgf\math\pgfmathfunctions.code.tex"
("E:\Program Files\MiKTeX 2.9\tex\generic\pgf\math\pgfmathfunctions.basic.code.
tex")
("E:\Program Files\MiKTeX 2.9\tex\generic\pgf\math\pgfmathfunctions.trigonometr
ic.code.tex")
("E:\Program Files\MiKTeX 2.9\tex\generic\pgf\math\pgfmathfunctions.random.code
.tex")
("E:\Program Files\MiKTeX 2.9\tex\generic\pgf\math\pgfmathfunctions.comparison.
code.tex")
("E:\Program Files\MiKTeX 2.9\tex\generic\pgf\math\pgfmathfunctions.base.code.t
ex")
("E:\Program Files\MiKTeX 2.9\tex\generic\pgf\math\pgfmathfunctions.round.code.
tex")
("E:\Program Files\MiKTeX 2.9\tex\generic\pgf\math\pgfmathfunctions.misc.code.t
ex")
("E:\Program Files\MiKTeX 2.9\tex\generic\pgf\math\pgfmathfunctions.integerarit
hmetics.code.tex")))
("E:\Program Files\MiKTeX 2.9\tex\generic\pgf\math\pgfmathfloat.code.tex"
\c@pgfmathroundto@lastzeros=\count125
))
("E:\Program Files\MiKTeX 2.9\tex\generic\pgf\basiclayer\pgfcorepoints.code.tex
"
File: pgfcorepoints.code.tex 2013/10/07  (rcs-revision 1.27)
\pgf@picminx=\dimen126
\pgf@picmaxx=\dimen127
\pgf@picminy=\dimen128
\pgf@picmaxy=\dimen129
\pgf@pathminx=\dimen130
\pgf@pathmaxx=\dimen131
\pgf@pathminy=\dimen132
\pgf@pathmaxy=\dimen133
\pgf@xx=\dimen134
\pgf@xy=\dimen135
\pgf@yx=\dimen136
\pgf@yy=\dimen137
\pgf@zx=\dimen138
\pgf@zy=\dimen139
)
("E:\Program Files\MiKTeX 2.9\tex\generic\pgf\basiclayer\pgfcorepathconstruct.c
ode.tex"
File: pgfcorepathconstruct.code.tex 2013/10/07  (rcs-revision 1.29)
\pgf@path@lastx=\dimen140
\pgf@path@lasty=\dimen141
)
("E:\Program Files\MiKTeX 2.9\tex\generic\pgf\basiclayer\pgfcorepathusage.code.
tex"
File: pgfcorepathusage.code.tex 2014/11/02  (rcs-revision 1.24)
\pgf@shorten@end@additional=\dimen142
\pgf@shorten@start@additional=\dimen143
)
("E:\Program Files\MiKTeX 2.9\tex\generic\pgf\basiclayer\pgfcorescopes.code.tex
"
File: pgfcorescopes.code.tex 2015/05/08  (rcs-revision 1.46)
\pgfpic=\box29
\pgf@hbox=\box30
\pgf@layerbox@main=\box31
\pgf@picture@serial@count=\count126
)
("E:\Program Files\MiKTeX 2.9\tex\generic\pgf\basiclayer\pgfcoregraphicstate.co
de.tex"
File: pgfcoregraphicstate.code.tex 2014/11/02  (rcs-revision 1.12)
\pgflinewidth=\dimen144
)
("E:\Program Files\MiKTeX 2.9\tex\generic\pgf\basiclayer\pgfcoretransformations
.code.tex"
File: pgfcoretransformations.code.tex 2015/08/07  (rcs-revision 1.20)
\pgf@pt@x=\dimen145
\pgf@pt@y=\dimen146
\pgf@pt@temp=\dimen147
)
("E:\Program Files\MiKTeX 2.9\tex\generic\pgf\basiclayer\pgfcorequick.code.tex"
File: pgfcorequick.code.tex 2008/10/09  (rcs-revision 1.3)
)
("E:\Program Files\MiKTeX 2.9\tex\generic\pgf\basiclayer\pgfcoreobjects.code.te
x"
File: pgfcoreobjects.code.tex 2006/10/11  (rcs-revision 1.2)
)
("E:\Program Files\MiKTeX 2.9\tex\generic\pgf\basiclayer\pgfcorepathprocessing.
code.tex"
File: pgfcorepathprocessing.code.tex 2013/09/09  (rcs-revision 1.9)
)
("E:\Program Files\MiKTeX 2.9\tex\generic\pgf\basiclayer\pgfcorearrows.code.tex
"
File: pgfcorearrows.code.tex 2015/05/14  (rcs-revision 1.43)
\pgfarrowsep=\dimen148
)
("E:\Program Files\MiKTeX 2.9\tex\generic\pgf\basiclayer\pgfcoreshade.code.tex"
File: pgfcoreshade.code.tex 2013/07/15  (rcs-revision 1.15)
\pgf@max=\dimen149
\pgf@sys@shading@range@num=\count127
) ("E:\Program Files\MiKTeX 2.9\tex\generic\pgf\basiclayer\pgfcoreimage.code.te
x"
File: pgfcoreimage.code.tex 2013/07/15  (rcs-revision 1.18)

("E:\Program Files\MiKTeX 2.9\tex\generic\pgf\basiclayer\pgfcoreexternal.code.t
ex"
File: pgfcoreexternal.code.tex 2014/07/09  (rcs-revision 1.21)
\pgfexternal@startupbox=\box32
))
("E:\Program Files\MiKTeX 2.9\tex\generic\pgf\basiclayer\pgfcorelayers.code.tex
"
File: pgfcorelayers.code.tex 2013/07/18  (rcs-revision 1.7)
)
("E:\Program Files\MiKTeX 2.9\tex\generic\pgf\basiclayer\pgfcoretransparency.co
de.tex"
File: pgfcoretransparency.code.tex 2013/09/30  (rcs-revision 1.5)
)
("E:\Program Files\MiKTeX 2.9\tex\generic\pgf\basiclayer\pgfcorepatterns.code.t
ex"
File: pgfcorepatterns.code.tex 2013/11/07  (rcs-revision 1.5)
)))
("E:\Program Files\MiKTeX 2.9\tex\generic\pgf\modules\pgfmoduleshapes.code.tex"
File: pgfmoduleshapes.code.tex 2014/03/21  (rcs-revision 1.35)
\pgfnodeparttextbox=\box33
) ("E:\Program Files\MiKTeX 2.9\tex\generic\pgf\modules\pgfmoduleplot.code.tex"
File: pgfmoduleplot.code.tex 2015/08/03  (rcs-revision 1.13)
)
("E:\Program Files\MiKTeX 2.9\tex\latex\pgf\compatibility\pgfcomp-version-0-65.
sty"
Package: pgfcomp-version-0-65 2007/07/03 v3.0.1a (rcs-revision 1.7)
\pgf@nodesepstart=\dimen150
\pgf@nodesepend=\dimen151
)
("E:\Program Files\MiKTeX 2.9\tex\latex\pgf\compatibility\pgfcomp-version-1-18.
sty"
Package: pgfcomp-version-1-18 2007/07/23 v3.0.1a (rcs-revision 1.1)
)) ("E:\Program Files\MiKTeX 2.9\tex\latex\tools\verbatim.sty"
Package: verbatim 2014/10/28 v1.5q LaTeX2e package for verbatim enhancements
\every@verbatim=\toks26
\verbatim@line=\toks27
\verbatim@in@stream=\read2
)
("E:\Program Files\MiKTeX 2.9\tex\latex\environ\environ.sty"
Package: environ 2014/05/04 v0.3 A new way to define environments

("E:\Program Files\MiKTeX 2.9\tex\latex\trimspaces\trimspaces.sty"
Package: trimspaces 2009/09/17 v1.1 Trim spaces around a token list
)
\@envbody=\toks28
)
("E:\Program Files\MiKTeX 2.9\tex\latex\etoolbox\etoolbox.sty"
Package: etoolbox 2017/01/02 v2.4 e-TeX tools for LaTeX (JAW)
\etb@tempcnta=\count128
)
\tcb@titlebox=\box34
\tcb@upperbox=\box35
\tcb@lowerbox=\box36
\tcb@phantombox=\box37
\c@tcbbreakpart=\count129
\c@tcblayer=\count130
\tcolorbox@number=\count131
\tcb@temp=\box38
\tcb@temp=\box39
\tcb@temp=\box40
\tcb@temp=\box41
\tcb@out=\write4
\tcb@record@out=\write5

("E:\Program Files\MiKTeX 2.9\tex\latex\tcolorbox\tcbraster.code.tex"
Library (tcolorbox): 'tcbraster.code.tex' version '4.03'
\c@tcbrastercolumn=\count132
\c@tcbrasterrow=\count133
\c@tcbraster=\count134
) ("E:\Program Files\MiKTeX 2.9\tex\latex\tcolorbox\tcbskins.code.tex"
Library (tcolorbox): 'tcbskins.code.tex' version '4.03'
("E:\Program Files\MiKTeX 2.9\tex\latex\pgf\frontendlayer\tikz.sty"
("E:\Program Files\MiKTeX 2.9\tex\latex\pgf\utilities\pgffor.sty"
("E:\Program Files\MiKTeX 2.9\tex\latex\pgf\utilities\pgfkeys.sty"
("E:\Program Files\MiKTeX 2.9\tex\generic\pgf\utilities\pgfkeys.code.tex"))
("E:\Program Files\MiKTeX 2.9\tex\latex\pgf\math\pgfmath.sty"
("E:\Program Files\MiKTeX 2.9\tex\generic\pgf\math\pgfmath.code.tex"))
("E:\Program Files\MiKTeX 2.9\tex\generic\pgf\utilities\pgffor.code.tex"
Package: pgffor 2013/12/13 v3.0.1a (rcs-revision 1.25)

("E:\Program Files\MiKTeX 2.9\tex\generic\pgf\math\pgfmath.code.tex")
\pgffor@iter=\dimen152
\pgffor@skip=\dimen153
\pgffor@stack=\toks29
\pgffor@toks=\toks30
))
("E:\Program Files\MiKTeX 2.9\tex\generic\pgf\frontendlayer\tikz\tikz.code.tex"
Package: tikz 2015/08/07 v3.0.1a (rcs-revision 1.151)

("E:\Program Files\MiKTeX 2.9\tex\generic\pgf\libraries\pgflibraryplothandlers.
code.tex"
File: pgflibraryplothandlers.code.tex 2013/08/31 v3.0.1a (rcs-revision 1.20)
\pgf@plot@mark@count=\count135
\pgfplotmarksize=\dimen154
)
\tikz@lastx=\dimen155
\tikz@lasty=\dimen156
\tikz@lastxsaved=\dimen157
\tikz@lastysaved=\dimen158
\tikzleveldistance=\dimen159
\tikzsiblingdistance=\dimen160
\tikz@figbox=\box42
\tikz@figbox@bg=\box43
\tikz@tempbox=\box44
\tikz@tempbox@bg=\box45
\tikztreelevel=\count136
\tikznumberofchildren=\count137
\tikznumberofcurrentchild=\count138
\tikz@fig@count=\count139

("E:\Program Files\MiKTeX 2.9\tex\generic\pgf\modules\pgfmodulematrix.code.tex"
File: pgfmodulematrix.code.tex 2013/09/17  (rcs-revision 1.8)
\pgfmatrixcurrentrow=\count140
\pgfmatrixcurrentcolumn=\count141
\pgf@matrix@numberofcolumns=\count142
)
\tikz@expandcount=\count143

("E:\Program Files\MiKTeX 2.9\tex\generic\pgf\frontendlayer\tikz\libraries\tikz
librarytopaths.code.tex"
File: tikzlibrarytopaths.code.tex 2008/06/17 v3.0.1a (rcs-revision 1.2)
)))
\tcb@waterbox=\box46

("E:\Program Files\MiKTeX 2.9\tex\latex\tcolorbox\tcbskinsjigsaw.code.tex"
Library (tcolorbox): 'tcbskinsjigsaw.code.tex' version '4.03'
)) ("E:\Program Files\MiKTeX 2.9\tex\latex\tcolorbox\tcbbreakable.code.tex"
Library (tcolorbox): 'tcbbreakable.code.tex' version '4.03'
\tcb@testbox=\box47
\tcb@totalupperbox=\box48
\tcb@totallowerbox=\box49
) ("E:\Program Files\MiKTeX 2.9\tex\latex\tcolorbox\tcbhooks.code.tex"
Library (tcolorbox): 'tcbhooks.code.tex' version '4.03'
) ("E:\Program Files\MiKTeX 2.9\tex\latex\tcolorbox\tcbtheorems.code.tex"
Library (tcolorbox): 'tcbtheorems.code.tex' version '4.03'
("E:\Program Files\MiKTeX 2.9\tex\latex\amsmath\amsmath.sty"
Package: amsmath 2016/11/05 v2.16a AMS math features
\@mathmargin=\skip55

For additional information on amsmath, use the `?' option.
("E:\Program Files\MiKTeX 2.9\tex\latex\amsmath\amstext.sty"
Package: amstext 2000/06/29 v2.01 AMS text

("E:\Program Files\MiKTeX 2.9\tex\latex\amsmath\amsgen.sty"
File: amsgen.sty 1999/11/30 v2.0 generic functions
\@emptytoks=\toks31
\ex@=\dimen161
))
("E:\Program Files\MiKTeX 2.9\tex\latex\amsmath\amsbsy.sty"
Package: amsbsy 1999/11/29 v1.2d Bold Symbols
\pmbraise@=\dimen162
)
("E:\Program Files\MiKTeX 2.9\tex\latex\amsmath\amsopn.sty"
Package: amsopn 2016/03/08 v2.02 operator names
)
\inf@bad=\count144
LaTeX Info: Redefining \frac on input line 213.
\uproot@=\count145
\leftroot@=\count146
LaTeX Info: Redefining \overline on input line 375.
\classnum@=\count147
\DOTSCASE@=\count148
LaTeX Info: Redefining \ldots on input line 472.
LaTeX Info: Redefining \dots on input line 475.
LaTeX Info: Redefining \cdots on input line 596.
\Mathstrutbox@=\box50
\strutbox@=\box51
\big@size=\dimen163
LaTeX Font Info:    Redeclaring font encoding OML on input line 712.
LaTeX Font Info:    Redeclaring font encoding OMS on input line 713.
\macc@depth=\count149
\c@MaxMatrixCols=\count150
\dotsspace@=\muskip11
\c@parentequation=\count151
\dspbrk@lvl=\count152
\tag@help=\toks32
\row@=\count153
\column@=\count154
\maxfields@=\count155
\andhelp@=\toks33
\eqnshift@=\dimen164
\alignsep@=\dimen165
\tagshift@=\dimen166
\tagwidth@=\dimen167
\totwidth@=\dimen168
\lineht@=\dimen169
\@envbody=\toks34
\multlinegap=\skip56
\multlinetaggap=\skip57
\mathdisplay@stack=\toks35
LaTeX Info: Redefining \[ on input line 2817.
LaTeX Info: Redefining \] on input line 2818.
))
("E:\Program Files\MiKTeX 2.9\tex\latex\tcolorbox\tcbfitting.code.tex"
Library (tcolorbox): 'tcbfitting.code.tex' version '4.03'
\tcbfitdim=\dimen170
\tcb@lowerfitdim=\dimen171
\tcb@upperfitdim=\dimen172
\tcb@cur@hbadness=\count156
) ("E:\Program Files\MiKTeX 2.9\tex\latex\tcolorbox\tcbxparse.code.tex"
Library (tcolorbox): 'tcbxparse.code.tex' version '4.03'
("E:\Program Files\MiKTeX 2.9\tex\latex\l3packages\xparse\xparse.sty"
("E:\Program Files\MiKTeX 2.9\tex\latex\l3kernel\expl3.sty"
Package: expl3 2017/05/29 L3 programming layer (loader) 

("E:\Program Files\MiKTeX 2.9\tex\latex\l3kernel\expl3-code.tex"
Package: expl3 2017/05/29 L3 programming layer (code)
\c_max_int=\count157
\l_tmpa_int=\count158
\l_tmpb_int=\count159
\g_tmpa_int=\count160
\g_tmpb_int=\count161
\g__intarray_font_int=\count162
\g__prg_map_int=\count163
\c_log_iow=\count164
\l_iow_line_count_int=\count165
\l__iow_line_target_int=\count166
\l__iow_one_indent_int=\count167
\l__iow_indent_int=\count168
\c_zero_dim=\dimen173
\c_max_dim=\dimen174
\l_tmpa_dim=\dimen175
\l_tmpb_dim=\dimen176
\g_tmpa_dim=\dimen177
\g_tmpb_dim=\dimen178
\c_zero_skip=\skip58
\c_max_skip=\skip59
\l_tmpa_skip=\skip60
\l_tmpb_skip=\skip61
\g_tmpa_skip=\skip62
\g_tmpb_skip=\skip63
\c_zero_muskip=\muskip12
\c_max_muskip=\muskip13
\l_tmpa_muskip=\muskip14
\l_tmpb_muskip=\muskip15
\g_tmpa_muskip=\muskip16
\g_tmpb_muskip=\muskip17
\l_keys_choice_int=\count169
\c__fp_leading_shift_int=\count170
\c__fp_middle_shift_int=\count171
\c__fp_trailing_shift_int=\count172
\c__fp_big_leading_shift_int=\count173
\c__fp_big_middle_shift_int=\count174
\c__fp_big_trailing_shift_int=\count175
\c__fp_Bigg_leading_shift_int=\count176
\c__fp_Bigg_middle_shift_int=\count177
\c__fp_Bigg_trailing_shift_int=\count178
\c__fp_rand_size_int=\count179
\c__fp_rand_four_int=\count180
\c__fp_rand_eight_int=\count181
\l__sort_length_int=\count182
\l__sort_min_int=\count183
\l__sort_top_int=\count184
\l__sort_max_int=\count185
\l__sort_true_max_int=\count186
\l__sort_block_int=\count187
\l__sort_begin_int=\count188
\l__sort_end_int=\count189
\l__sort_A_int=\count190
\l__sort_B_int=\count191
\l__sort_C_int=\count192
\l__tl_build_start_index_int=\count193
\l__tl_build_index_int=\count194
\l__tl_analysis_normal_int=\count195
\l__tl_analysis_index_int=\count196
\l__tl_analysis_nesting_int=\count197
\l__tl_analysis_type_int=\count198
\l__regex_internal_a_int=\count199
\l__regex_internal_b_int=\count266
\l__regex_internal_c_int=\count267
\l__regex_balance_int=\count268
\l__regex_group_level_int=\count269
\l__regex_mode_int=\count270
\c__regex_cs_in_class_mode_int=\count271
\c__regex_cs_mode_int=\count272
\l__regex_catcodes_int=\count273
\l__regex_default_catcodes_int=\count274
\c__regex_catcode_D_int=\count275
\c__regex_catcode_S_int=\count276
\c__regex_catcode_L_int=\count277
\c__regex_catcode_O_int=\count278
\c__regex_catcode_A_int=\count279
\c__regex_all_catcodes_int=\count280
\l__regex_show_lines_int=\count281
\l__regex_min_state_int=\count282
\l__regex_max_state_int=\count283
\l__regex_left_state_int=\count284
\l__regex_right_state_int=\count285
\l__regex_capturing_group_int=\count286
\l__regex_min_pos_int=\count287
\l__regex_max_pos_int=\count288
\l__regex_current_pos_int=\count289
\l__regex_start_pos_int=\count290
\l__regex_success_pos_int=\count291
\l__regex_current_char_int=\count292
\l__regex_current_catcode_int=\count293
\l__regex_last_char_int=\count294
\l__regex_case_changed_char_int=\count295
\l__regex_current_state_int=\count296
\l__regex_step_int=\count297
\l__regex_min_active_int=\count298
\l__regex_max_active_int=\count299
\l__regex_replacement_csnames_int=\count300
\l__regex_match_count_int=\count301
\l__regex_min_submatch_int=\count302
\l__regex_submatch_int=\count303
\l__regex_zeroth_submatch_int=\count304
\c_empty_box=\box52
\l_tmpa_box=\box53
\l_tmpb_box=\box54
\g_tmpa_box=\box55
\g_tmpb_box=\box56
\l__box_top_dim=\dimen179
\l__box_bottom_dim=\dimen180
\l__box_left_dim=\dimen181
\l__box_right_dim=\dimen182
\l__box_top_new_dim=\dimen183
\l__box_bottom_new_dim=\dimen184
\l__box_left_new_dim=\dimen185
\l__box_right_new_dim=\dimen186
\l__box_internal_box=\box57
\l__coffin_internal_box=\box58
\l__coffin_internal_dim=\dimen187
\l__coffin_offset_x_dim=\dimen188
\l__coffin_offset_y_dim=\dimen189
\l__coffin_x_dim=\dimen190
\l__coffin_y_dim=\dimen191
\l__coffin_x_prime_dim=\dimen192
\l__coffin_y_prime_dim=\dimen193
\c_empty_coffin=\box59
\l__coffin_aligned_coffin=\box60
\l__coffin_aligned_internal_coffin=\box61
\l_tmpa_coffin=\box62
\l_tmpb_coffin=\box63
\l__coffin_display_coffin=\box64
\l__coffin_display_coord_coffin=\box65
\l__coffin_display_pole_coffin=\box66
\l__coffin_display_offset_dim=\dimen194
\l__coffin_display_x_dim=\dimen195
\l__coffin_display_y_dim=\dimen196
\l__coffin_bounding_shift_dim=\dimen197
\l__coffin_left_corner_dim=\dimen198
\l__coffin_right_corner_dim=\dimen199
\l__coffin_bottom_corner_dim=\dimen256
\l__coffin_top_corner_dim=\dimen257
\l__coffin_scaled_total_height_dim=\dimen258
\l__coffin_scaled_width_dim=\dimen259
)
("E:\Program Files\MiKTeX 2.9\tex\latex\l3kernel\l3pdfmode.def"
File: l3pdfmode.def 2017/03/18 v L3 Experimental driver: PDF mode
\l__driver_color_stack_int=\count305
\l__driver_tmp_box=\box67
))
Package: xparse 2017/05/29 L3 Experimental document command parser
\l__xparse_current_arg_int=\count306
\g__xparse_grabber_int=\count307
\l__xparse_m_args_int=\count308
\l__xparse_mandatory_args_int=\count309
\l__xparse_v_nesting_int=\count310
)
.................................................
. LaTeX info: "xparse/define-command"
. 
. Defining command \tcboxverb with sig. ' O{} v ' on line 128.
.................................................
.................................................
. LaTeX info: "xparse/define-command"
. 
. Defining command \tcbsidebyside with sig. ' +O{} +m +m ' on line 280.
.................................................
)
("E:\Program Files\MiKTeX 2.9\tex\latex\tcolorbox\tcblistingsutf8.code.tex"
Library (tcolorbox): 'tcblistingsutf8.code.tex' version '4.03'
("E:\Program Files\MiKTeX 2.9\tex\latex\oberdiek\listingsutf8.sty"
Package: listingsutf8 2016/05/16 v1.3 Allow UTF-8 in listings input (HO)

("E:\Program Files\MiKTeX 2.9\tex\latex\listings\listings.sty"
\lst@mode=\count311
\lst@gtempboxa=\box68
\lst@token=\toks36
\lst@length=\count312
\lst@currlwidth=\dimen260
\lst@column=\count313
\lst@pos=\count314
\lst@lostspace=\dimen261
\lst@width=\dimen262
\lst@newlines=\count315
\lst@lineno=\count316
\lst@maxwidth=\dimen263

("E:\Program Files\MiKTeX 2.9\tex\latex\listings\lstmisc.sty"
File: lstmisc.sty 2015/06/04 1.6 (Carsten Heinz)
\c@lstnumber=\count317
\lst@skipnumbers=\count318
\lst@framebox=\box69
)
("E:\Program Files\MiKTeX 2.9\tex\latex\listings\listings.cfg"
File: listings.cfg 2015/06/04 1.6 listings configuration
))
Package: listings 2015/06/04 1.6 (Carsten Heinz)

("E:\Program Files\MiKTeX 2.9\tex\generic\oberdiek\stringenc.sty"
Package: stringenc 2016/05/16 v1.11 Convert strings between diff. encodings (HO
)
))
("E:\Program Files\MiKTeX 2.9\tex\latex\tcolorbox\tcblistings.code.tex"
Library (tcolorbox): 'tcblistings.code.tex' version '4.03'
("E:\Program Files\MiKTeX 2.9\tex\latex\tcolorbox\tcblistingscore.code.tex"
Library (tcolorbox): 'tcblistingscore.code.tex' version '4.03'
("E:\Program Files\MiKTeX 2.9\tex\latex\tcolorbox\tcbprocessing.code.tex"
Library (tcolorbox): 'tcbprocessing.code.tex' version '4.03'
("E:\Program Files\MiKTeX 2.9\tex\latex\tools\shellesc.sty"
Package: shellesc 2016/06/07 v0.02a unified shell escape interface for LaTeX
Package shellesc Info: Restricted shell escape enabled on input line 69.
))
\c@tcblisting=\count319
)))
("E:\Program Files\MiKTeX 2.9\tex\latex\tcolorbox\tcbexternal.code.tex"
Library (tcolorbox): 'tcbexternal.code.tex' version '4.03'
) ("E:\Program Files\MiKTeX 2.9\tex\latex\tcolorbox\tcbmagazine.code.tex"
Library (tcolorbox): 'tcbmagazine.code.tex' version '4.03'
) ("E:\Program Files\MiKTeX 2.9\tex\latex\tcolorbox\tcbvignette.code.tex"
Library (tcolorbox): 'tcbvignette.code.tex' version '4.03'

("E:\Program Files\MiKTeX 2.9\tex\generic\pgf\frontendlayer\tikz\libraries\tikz
libraryfadings.code.tex"
File: tikzlibraryfadings.code.tex 2009/11/15 v3.0.1a (rcs-revision 1.2)

("E:\Program Files\MiKTeX 2.9\tex\generic\pgf\libraries\pgflibraryfadings.code.
tex"
File: pgflibraryfadings.code.tex 2008/02/07 v3.0.1a (rcs-revision 1.3)
)))) ("E:\Program Files\MiKTeX 2.9\tex\latex\marginnote\marginnote.sty"
Package: marginnote 2017/04/22 v1.2b non floating margin notes for LaTeX
\c@mn@abspage=\count320
)
("E:\Program Files\MiKTeX 2.9\tex\latex\background\background.sty"
Package: background 2014/03/04 v2.1 background material

("E:\Program Files\MiKTeX 2.9\tex\latex\xkeyval\xkeyval.sty"
Package: xkeyval 2014/12/03 v2.7a package option processing (HA)

("E:\Program Files\MiKTeX 2.9\tex\generic\xkeyval\xkeyval.tex"
("E:\Program Files\MiKTeX 2.9\tex\generic\xkeyval\xkvutils.tex"
\XKV@toks=\toks37
\XKV@tempa@toks=\toks38
)
\XKV@depth=\count321
File: xkeyval.tex 2014/12/03 v2.7a key=value parser (HA)
))
("E:\Program Files\MiKTeX 2.9\tex\latex\everypage\everypage.sty"
Package: everypage 2007/06/20 1.1 Hooks to run on every page
)
("E:\Program Files\MiKTeX 2.9\tex\latex\tools\afterpage.sty"
Package: afterpage 2014/10/28 v1.08 After-Page Package (DPC)
\AP@output=\toks39
\AP@partial=\box70
\AP@footins=\box71
))
("E:\Program Files\MiKTeX 2.9\tex\latex\soul\soul.sty"
Package: soul 2003/11/17 v2.4 letterspacing/underlining (mf)
\SOUL@word=\toks40
\SOUL@lasttoken=\toks41
\SOUL@cmds=\toks42
\SOUL@buffer=\toks43
\SOUL@token=\toks44
\SOUL@spaceskip=\skip64
\SOUL@ttwidth=\dimen264
\SOUL@uldp=\dimen265
\SOUL@ulht=\dimen266
)
("E:\Program Files\MiKTeX 2.9\tex\latex\subfiles\subfiles.sty"
Package: subfiles 2012/05/23 Federico Garcia
)
("E:\Program Files\MiKTeX 2.9\tex\latex\listings\lstlang1.sty"
File: lstlang1.sty 2015/06/04 1.6 listings language file
)
("E:\Program Files\MiKTeX 2.9\tex\latex\listings\lstmisc.sty"
File: lstmisc.sty 2015/06/04 1.6 (Carsten Heinz)
)
Package hyperref Info: Option `colorlinks' set `true' on input line 53.


Package Fancyhdr Warning: \fancyfoot's `E' option without twoside option is use
less on input line 62.


Package Fancyhdr Warning: \fancyfoot's `E' option without twoside option is use
less on input line 63.

(main.aux

LaTeX Warning: Label `' multiply defined.


LaTeX Warning: Label `' multiply defined.


LaTeX Warning: Label `' multiply defined.


LaTeX Warning: Label `' multiply defined.

)
\openout1 = `main.aux'.

LaTeX Font Info:    Checking defaults for OML/cmm/m/it on input line 107.
LaTeX Font Info:    ... okay on input line 107.
LaTeX Font Info:    Checking defaults for T1/cmr/m/n on input line 107.
LaTeX Font Info:    ... okay on input line 107.
LaTeX Font Info:    Checking defaults for OT1/cmr/m/n on input line 107.
LaTeX Font Info:    ... okay on input line 107.
LaTeX Font Info:    Checking defaults for OMS/cmsy/m/n on input line 107.
LaTeX Font Info:    ... okay on input line 107.
LaTeX Font Info:    Checking defaults for OMX/cmex/m/n on input line 107.
LaTeX Font Info:    ... okay on input line 107.
LaTeX Font Info:    Checking defaults for U/cmr/m/n on input line 107.
LaTeX Font Info:    ... okay on input line 107.
LaTeX Font Info:    Checking defaults for PD1/pdf/m/n on input line 107.
LaTeX Font Info:    ... okay on input line 107.
\AtBeginShipoutBox=\box72
Package hyperref Info: Link coloring ON on input line 107.
 ("E:\Program Files\MiKTeX 2.9\tex\latex\hyperref\nameref.sty"
Package: nameref 2016/05/21 v2.44 Cross-referencing by name of section

("E:\Program Files\MiKTeX 2.9\tex\generic\oberdiek\gettitlestring.sty"
Package: gettitlestring 2016/05/16 v1.5 Cleanup title references (HO)
)
\c@section@level=\count322
)
LaTeX Info: Redefining \ref on input line 107.
LaTeX Info: Redefining \pageref on input line 107.
LaTeX Info: Redefining \nameref on input line 107.

(main.out) (main.out)
\@outlinefile=\write6
\openout6 = `main.out'.

 ABD: EveryShipout initializing macros
("E:\Program Files\MiKTeX 2.9\tex\context\base\supp-pdf.mkii"
[Loading MPS to PDF converter (version 2006.09.02).]
\scratchcounter=\count323
\scratchdimen=\dimen267
\scratchbox=\box73
\nofMPsegments=\count324
\nofMParguments=\count325
\everyMPshowfont=\toks45
\MPscratchCnt=\count326
\MPscratchDim=\dimen268
\MPnumerator=\count327
\makeMPintoPDFobject=\count328
\everyMPtoPDFconversion=\toks46
) ("E:\Program Files\MiKTeX 2.9\tex\latex\oberdiek\epstopdf-base.sty"
Package: epstopdf-base 2016/05/15 v2.6 Base part for package epstopdf

("E:\Program Files\MiKTeX 2.9\tex\latex\oberdiek\grfext.sty"
Package: grfext 2016/05/16 v1.2 Manage graphics extensions (HO)
)
Package epstopdf-base Info: Redefining graphics rule for `.eps' on input line 4
38.
Package grfext Info: Graphics extension search list:
(grfext)             [.png,.pdf,.jpg,.mps,.jpeg,.jbig2,.jb2,.PNG,.PDF,.JPG,.JPE
G,.JBIG2,.JB2,.eps]
(grfext)             \AppendGraphicsExtensions on input line 456.
)
\c@lstlisting=\count329

("E:\Program Files\MiKTeX 2.9\tex\latex\base\inputenc.sty"
Package: inputenc 2015/03/17 v1.2c Input encoding file
\inpenc@prehook=\toks47
\inpenc@posthook=\toks48
)
Package marginnote Info: \pdfoutput not 0 or unimportant and
(marginnote)             \pdflastxpos or \lastxpos available.
(marginnote)             Extended position detection mode activated.

<Images/logo.png, id=186, 123.46124pt x 131.49126pt>
File: Images/logo.png Graphic file (type png)
 <use Images/logo.png>
Package pdftex.def Info: Images/logo.png used on input line 124.
(pdftex.def)             Requested size: 123.46092pt x 131.49092pt.

[1


{C:/ProgramData/MiKTeX/2.9/pdftex/config/pdftex.map} <./Images/logo.png>]
(main.toc
File: Images/logo.png Graphic file (type png)
 <use Images/logo.png>
Package pdftex.def Info: Images/logo.png used on input line 30.
(pdftex.def)             Requested size: 123.46092pt x 131.49092pt.
pdfTeX warning (ext4): destination with the same identifier (name{page.1}) has 
been already used, duplicate ignored
<to be read again> 
                   \relax 
l.30 ...{4.4}Collision Avoidance}{27}{section.4.4}
                                                   [1

])
\tf@toc=\write7
\openout7 = `main.toc'.

File: Images/logo.png Graphic file (type png)
 <use Images/logo.png>
Package pdftex.def Info: Images/logo.png used on input line 129.
(pdftex.def)             Requested size: 123.46092pt x 131.49092pt.
File: Images/logo.png Graphic file (type png)

<use Images/logo.png>
Package pdftex.def Info: Images/logo.png used on input line 129.
(pdftex.def)             Requested size: 28.45274pt x 30.30254pt.


Package Fancyhdr Warning: \headheight is too small (26.0pt): 
 Make it at least 34.65257pt.
 We now make it that large for the rest of the document.
 This may cause the page layout to be inconsistent, however.

[2]
Chapter 1.
(abstract.tex)
Underfull \hbox (badness 10000) in paragraph at lines 5--132

 []

File: Images/logo.png Graphic file (type png)
<use Images/logo.png>
Package pdftex.def Info: Images/logo.png used on input line 140.
(pdftex.def)             Requested size: 123.46092pt x 131.49092pt.
 [3

]
Underfull \hbox (badness 10000) in paragraph at lines 141--142

 []

<Images/flow.png, id=250, 1929.45844pt x 268.75406pt>
File: Images/flow.png Graphic file (type png)
 <use Images/flow.png>
Package pdftex.def Info: Images/flow.png used on input line 143.
(pdftex.def)             Requested size: 385.88486pt x 53.74985pt.

Overfull \hbox (13.50967pt too wide) in paragraph at lines 143--144
[][] 
 []

LaTeX Font Info:    Try loading font information for OMS+cmr on input line 147.

("E:\Program Files\MiKTeX 2.9\tex\latex\base\omscmr.fd"
File: omscmr.fd 2014/09/29 v2.5h Standard LaTeX font definitions
)
LaTeX Font Info:    Font shape `OMS/cmr/m/n' in size <12> not available
(Font)              Font shape `OMS/cmsy/m/n' tried instead on input line 147.

(HardwareandSoftware/hardwareandsoftware.tex
File: Images/logo.png Graphic file (type png)
 <use Images/logo.png>
Package pdftex.def Info: Images/logo.png used on input line 25.
(pdftex.def)             Requested size: 123.46092pt x 131.49092pt.
File: Images/logo.png Graphic file (type png)

<use Images/logo.png>
Package pdftex.def Info: Images/logo.png used on input line 25.
(pdftex.def)             Requested size: 28.45274pt x 30.30254pt.
 [4 <./Images/flow.png>]) (XBee/XBeeConfiguration.tex
File: Images/logo.png Graphic file (type png)

<use Images/logo.png>
Package pdftex.def Info: Images/logo.png used on input line 5.
(pdftex.def)             Requested size: 123.46092pt x 131.49092pt.
File: Images/logo.png Graphic file (type png)
 <use Images/logo.png>
Package pdftex.def Info: Images/logo.png used on input line 5.
(pdftex.def)             Requested size: 28.45274pt x 30.30254pt.
 [5]
Chapter 2.
<Images/star.png, id=286, 554.82281pt x 418.56375pt>
File: Images/star.png Graphic file (type png)
 <use Images/star.png>
Package pdftex.def Info: Images/star.png used on input line 8.
(pdftex.def)             Requested size: 248.00864pt x 187.10013pt.

<Images/baudrate.png, id=287, 361.35pt x 33.12375pt>
File: Images/baudrate.png Graphic file (type png)
 <use Images/baudrate.png>
Package pdftex.def Info: Images/baudrate.png used on input line 14.
(pdftex.def)             Requested size: 361.34912pt x 33.12366pt.

<Images/apienb.png, id=288, 358.33875pt x 28.60687pt>
File: Images/apienb.png Graphic file (type png)
 <use Images/apienb.png>
Package pdftex.def Info: Images/apienb.png used on input line 18.
(pdftex.def)             Requested size: 358.33788pt x 28.6068pt.

<Images/corenb.png, id=289, 359.09157pt x 30.1125pt>
File: Images/corenb.png Graphic file (type png)
 <use Images/corenb.png>
Package pdftex.def Info: Images/corenb.png used on input line 23.
(pdftex.def)             Requested size: 359.09068pt x 30.11241pt.
File: Images/logo.png Graphic file (type png)

<use Images/logo.png>
Package pdftex.def Info: Images/logo.png used on input line 25.
(pdftex.def)             Requested size: 123.46092pt x 131.49092pt.
 [6

 <./Images/star.png> <./Images/baudrate.png> <./Images/apienb.png>] <Images/api
cord.png, id=298, 359.84438pt x 169.38281pt>
File: Images/apicord.png Graphic file (type png)

<use Images/apicord.png>
Package pdftex.def Info: Images/apicord.png used on input line 25.
(pdftex.def)             Requested size: 359.84349pt x 169.38239pt.
 <Images/endenb.png, id=299, 360.59718pt x 29.35968pt>
File: Images/endenb.png Graphic file (type png)

<use Images/endenb.png>
Package pdftex.def Info: Images/endenb.png used on input line 36.
(pdftex.def)             Requested size: 360.5963pt x 29.35959pt.
 <Images/apiend.png, id=300, 389.95688pt x 168.63pt>
File: Images/apiend.png Graphic file (type png)

<use Images/apiend.png>
Package pdftex.def Info: Images/apiend.png used on input line 38.
(pdftex.def)             Requested size: 389.95592pt x 168.62958pt.

Overfull \hbox (17.58073pt too wide) in paragraph at lines 38--39
[][] 
 []

File: Images/logo.png Graphic file (type png)
<use Images/logo.png>
Package pdftex.def Info: Images/logo.png used on input line 47.
(pdftex.def)             Requested size: 123.46092pt x 131.49092pt.
File: Images/logo.png Graphic file (type png)
 <use Images/logo.png>
Package pdftex.def Info: Images/logo.png used on input line 47.
(pdftex.def)             Requested size: 28.45274pt x 30.30254pt.
 [7 <./Images/corenb.png> <./Images/apicord.png> <./Images/endenb.png> <./Image
s/apiend.png>]
<Images/apidisable.png, id=310, 383.18156pt x 33.12375pt>
File: Images/apidisable.png Graphic file (type png)

<use Images/apidisable.png>
Package pdftex.def Info: Images/apidisable.png used on input line 50.
(pdftex.def)             Requested size: 383.18062pt x 33.12366pt.
File: Images/logo.png Graphic file (type png)
 <use Images/logo.png>
Package pdftex.def Info: Images/logo.png used on input line 60.
(pdftex.def)             Requested size: 123.46092pt x 131.49092pt.
File: Images/logo.png Graphic file (type png)
 <use Images/logo.png>
Package pdftex.def Info: Images/logo.png used on input line 60.
(pdftex.def)             Requested size: 28.45274pt x 30.30254pt.

[8 <./Images/apidisable.png>]
File: Images/corenb.png Graphic file (type png)
 <use Images/corenb.png>
Package pdftex.def Info: Images/corenb.png used on input line 61.
(pdftex.def)             Requested size: 359.09068pt x 30.11241pt.

<Images/atcord.png, id=317, 383.18156pt x 170.88844pt>
File: Images/atcord.png Graphic file (type png)
 <use Images/atcord.png>
Package pdftex.def Info: Images/atcord.png used on input line 63.
(pdftex.def)             Requested size: 383.18062pt x 170.88802pt.

Overfull \hbox (10.80544pt too wide) in paragraph at lines 63--64
[][] 
 []


Underfull \hbox (badness 10000) in paragraph at lines 65--69

 []

File: Images/logo.png Graphic file (type png)
<use Images/logo.png>
Package pdftex.def Info: Images/logo.png used on input line 76.
(pdftex.def)             Requested size: 123.46092pt x 131.49092pt.
File: Images/logo.png Graphic file (type png)
 <use Images/logo.png>
Package pdftex.def Info: Images/logo.png used on input line 76.
(pdftex.def)             Requested size: 28.45274pt x 30.30254pt.
 [9 <./Images/atcord.png>]
File: Images/endenb.png Graphic file (type png)

<use Images/endenb.png>
Package pdftex.def Info: Images/endenb.png used on input line 77.
(pdftex.def)             Requested size: 360.5963pt x 29.35959pt.
 <Images/atend.png, id=324, 362.85562pt x 174.6525pt>
File: Images/atend.png Graphic file (type png)

<use Images/atend.png>
Package pdftex.def Info: Images/atend.png used on input line 79.
(pdftex.def)             Requested size: 362.85474pt x 174.65207pt.

Underfull \hbox (badness 10000) in paragraph at lines 81--85

 []

) (AVR/AVR.tex
File: Images/logo.png Graphic file (type png)
 <use Images/logo.png>
Package pdftex.def Info: Images/logo.png used on input line 5.
(pdftex.def)             Requested size: 123.46092pt x 131.49092pt.
File: Images/logo.png Graphic file (type png)
 <use Images/logo.png>
Package pdftex.def Info: Images/logo.png used on input line 5.
(pdftex.def)             Requested size: 28.45274pt x 30.30254pt.
 [10 <./Images/atend.png>]
Chapter 3.

Overfull \hbox (6.2773pt too wide) in paragraph at lines 33--35
\OT1/cmr/m/n/12 For eg []\OT1/cmtt/m/n/12 C:\Users\Chirag\Desktop\eYSIP_2017\AV
RDude\avrdude.exe 
 []

File: Images/logo.png Graphic file (type png)
<use Images/logo.png>
Package pdftex.def Info: Images/logo.png used on input line 35.
(pdftex.def)             Requested size: 123.46092pt x 131.49092pt.
 [11

]
Overfull \hbox (86.83414pt too wide) in paragraph at lines 35--36
[]\OT1/cmr/m/n/12 Arguments box - -c stk500v2 -p m16 -P NEX-USB-ISP -U flash:w:
[]\OT1/cmtt/m/n/12 $(TargetName).hex:i 
 []

File: Images/logo.png Graphic file (type png)
<use Images/logo.png>
Package pdftex.def Info: Images/logo.png used on input line 43.
(pdftex.def)             Requested size: 123.46092pt x 131.49092pt.
File: Images/logo.png Graphic file (type png)
 <use Images/logo.png>
Package pdftex.def Info: Images/logo.png used on input line 43.
(pdftex.def)             Requested size: 28.45274pt x 30.30254pt.
 [12]
Underfull \hbox (badness 10000) in paragraph at lines 45--48

 []


Underfull \hbox (badness 10000) in paragraph at lines 49--50

 []

Package hyperref Info: bookmark level for unknown lstlisting defaults to 0 on i
nput line 51.
File: Images/logo.png Graphic file (type png)
<use Images/logo.png>
Package pdftex.def Info: Images/logo.png used on input line 79.
(pdftex.def)             Requested size: 123.46092pt x 131.49092pt.
File: Images/logo.png Graphic file (type png)
 <use Images/logo.png>
Package pdftex.def Info: Images/logo.png used on input line 79.
(pdftex.def)             Requested size: 28.45274pt x 30.30254pt.
 [13]
File: Images/logo.png Graphic file (type png)
 <use Images/logo.png>
Package pdftex.def Info: Images/logo.png used on input line 118.
(pdftex.def)             Requested size: 123.46092pt x 131.49092pt.
File: Images/logo.png Graphic file (type png)

<use Images/logo.png>
Package pdftex.def Info: Images/logo.png used on input line 118.
(pdftex.def)             Requested size: 28.45274pt x 30.30254pt.
 [14]
Overfull \hbox (79.30023pt too wide) in paragraph at lines 120--120
[]\OT1/cmtt/m/n/12 <#id/x_current/y_current/theta_current/x_required/y_required
/theta_required/[] 
 []

File: Images/logo.png Graphic file (type png)
<use Images/logo.png>
Package pdftex.def Info: Images/logo.png used on input line 126.
(pdftex.def)             Requested size: 123.46092pt x 131.49092pt.
File: Images/logo.png Graphic file (type png)
 <use Images/logo.png>
Package pdftex.def Info: Images/logo.png used on input line 126.
(pdftex.def)             Requested size: 28.45274pt x 30.30254pt.
 [15]
Overfull \hbox (18.73137pt too wide) in paragraph at lines 137--138
[][][][][][][][][][][][][][][][][][][][][][][]  
 []

File: Images/logo.png Graphic file (type png)
<use Images/logo.png>
Package pdftex.def Info: Images/logo.png used on input line 167.
(pdftex.def)             Requested size: 123.46092pt x 131.49092pt.
File: Images/logo.png Graphic file (type png)
 <use Images/logo.png>
Package pdftex.def Info: Images/logo.png used on input line 167.
(pdftex.def)             Requested size: 28.45274pt x 30.30254pt.
 [16]
File: Images/logo.png Graphic file (type png)
 <use Images/logo.png>
Package pdftex.def Info: Images/logo.png used on input line 177.
(pdftex.def)             Requested size: 123.46092pt x 131.49092pt.
File: Images/logo.png Graphic file (type png)

<use Images/logo.png>
Package pdftex.def Info: Images/logo.png used on input line 177.
(pdftex.def)             Requested size: 28.45274pt x 30.30254pt.
 [17]
File: Images/logo.png Graphic file (type png)
 <use Images/logo.png>
Package pdftex.def Info: Images/logo.png used on input line 210.
(pdftex.def)             Requested size: 123.46092pt x 131.49092pt.
File: Images/logo.png Graphic file (type png)
 <use Images/logo.png>
Package pdftex.def Info: Images/logo.png used on input line 210.
(pdftex.def)             Requested size: 28.45274pt x 30.30254pt.
 [18]
Overfull \hbox (0.16122pt too wide) in paragraph at lines 215--219
[]\OT1/cmr/m/n/12 These equa-tions con-vert the uni-cy-cle model to the dif-fer
-en-tial drive model. 
 []


Underfull \hbox (badness 10000) in paragraph at lines 215--219

 []

File: Images/logo.png Graphic file (type png)
<use Images/logo.png>
Package pdftex.def Info: Images/logo.png used on input line 221.
(pdftex.def)             Requested size: 123.46092pt x 131.49092pt.
File: Images/logo.png Graphic file (type png)
 <use Images/logo.png>
Package pdftex.def Info: Images/logo.png used on input line 221.
(pdftex.def)             Requested size: 28.45274pt x 30.30254pt.
 [19]) (Python/Python.tex
File: Images/logo.png Graphic file (type png)

<use Images/logo.png>
Package pdftex.def Info: Images/logo.png used on input line 4.
(pdftex.def)             Requested size: 123.46092pt x 131.49092pt.
File: Images/logo.png Graphic file (type png)
 <use Images/logo.png>
Package pdftex.def Info: Images/logo.png used on input line 4.
(pdftex.def)             Requested size: 28.45274pt x 30.30254pt.
 [20]
Chapter 4.
<images/flowchart.png, id=559, 457.71pt x 335.00156pt>
File: images/flowchart.png Graphic file (type png)

<use images/flowchart.png>
Package pdftex.def Info: images/flowchart.png used on input line 18.
(pdftex.def)             Requested size: 366.1685pt x 268.0016pt.

("E:\Program Files\MiKTeX 2.9\tex\latex\listings\lstlang1.sty"
File: lstlang1.sty 2015/06/04 1.6 listings language file
)
Overfull \hbox (67.51886pt too wide) in paragraph at lines 21--24
\OT1/cmr/m/n/12 tion cv2.VideoCapture('camera num-ber'), read() method of the c
v2.VideoCapture(`camera
 []

File: Images/logo.png Graphic file (type png)
<use Images/logo.png>
Package pdftex.def Info: Images/logo.png used on input line 24.
(pdftex.def)             Requested size: 123.46092pt x 131.49092pt.
 [21

 <./images/flowchart.png>]
File: Images/logo.png Graphic file (type png)
 <use Images/logo.png>
Package pdftex.def Info: Images/logo.png used on input line 37.
(pdftex.def)             Requested size: 123.46092pt x 131.49092pt.
File: Images/logo.png Graphic file (type png)

<use Images/logo.png>
Package pdftex.def Info: Images/logo.png used on input line 37.
(pdftex.def)             Requested size: 28.45274pt x 30.30254pt.
 [22] <images/arena.jpg, id=588, 481.8pt x 361.35pt>
File: images/arena.jpg Graphic file (type jpg)

<use images/arena.jpg>
Package pdftex.def Info: images/arena.jpg used on input line 40.
(pdftex.def)             Requested size: 385.4405pt x 289.0804pt.
File: Images/logo.png Graphic file (type png)
 <use Images/logo.png>
Package pdftex.def Info: Images/logo.png used on input line 52.
(pdftex.def)             Requested size: 123.46092pt x 131.49092pt.
File: Images/logo.png Graphic file (type png)
 <use Images/logo.png>
Package pdftex.def Info: Images/logo.png used on input line 52.
(pdftex.def)             Requested size: 28.45274pt x 30.30254pt.
 [23 <./images/arena.jpg>]
Overfull \hbox (54.25272pt too wide) in paragraph at lines 58--59
[][][][][][][][][][][][][][][][][][]  
 []

File: Images/logo.png Graphic file (type png)
<use Images/logo.png>
Package pdftex.def Info: Images/logo.png used on input line 77.
(pdftex.def)             Requested size: 123.46092pt x 131.49092pt.
File: Images/logo.png Graphic file (type png)
 <use Images/logo.png>
Package pdftex.def Info: Images/logo.png used on input line 77.
(pdftex.def)             Requested size: 28.45274pt x 30.30254pt.
 [24]
Underfull \hbox (badness 10000) in paragraph at lines 82--84

 []

<images/aruco1.jpg, id=627, 501.875pt x 501.875pt>
File: images/aruco1.jpg Graphic file (type jpg)
 <use images/aruco1.jpg>
Package pdftex.def Info: images/aruco1.jpg used on input line 85.
(pdftex.def)             Requested size: 100.37321pt x 100.37321pt.

<images/aruco2.jpg, id=628, 501.875pt x 501.875pt>
File: images/aruco2.jpg Graphic file (type jpg)
 <use images/aruco2.jpg>
Package pdftex.def Info: images/aruco2.jpg used on input line 86.
(pdftex.def)             Requested size: 100.37321pt x 100.37321pt.

<images/aruco3.jpg, id=629, 501.875pt x 501.875pt>
File: images/aruco3.jpg Graphic file (type jpg)
 <use images/aruco3.jpg>
Package pdftex.def Info: images/aruco3.jpg used on input line 87.
(pdftex.def)             Requested size: 100.37321pt x 100.37321pt.

<images/aruco4.jpg, id=630, 501.875pt x 501.875pt>
File: images/aruco4.jpg Graphic file (type jpg)
 <use images/aruco4.jpg>
Package pdftex.def Info: images/aruco4.jpg used on input line 88.
(pdftex.def)             Requested size: 100.37321pt x 100.37321pt.

Overfull \hbox (36.95093pt too wide) in paragraph at lines 85--89
[][] [] [] [] 
 []

<images/robot.png, id=632, 609.02531pt x 383.18156pt>
File: images/robot.png Graphic file (type png)
 <use images/robot.png>
Package pdftex.def Info: images/robot.png used on input line 106.
(pdftex.def)             Requested size: 304.5119pt x 191.5903pt.
File: Images/logo.png Graphic file (type png)

<use Images/logo.png>
Package pdftex.def Info: Images/logo.png used on input line 107.
(pdftex.def)             Requested size: 123.46092pt x 131.49092pt.
File: Images/logo.png Graphic file (type png)
 <use Images/logo.png>
Package pdftex.def Info: Images/logo.png used on input line 107.
(pdftex.def)             Requested size: 28.45274pt x 30.30254pt.
 [25 <./images/aruco1.jpg> <./images/aruco2.jpg> <./images/aruco3.jpg> <./image
s/aruco4.jpg>]
Overfull \hbox (23.90552pt too wide) in paragraph at lines 113--115
[][][][][][][][][][][][][][][][][][][][][]  
 []


Overfull \hbox (13.43736pt too wide) in paragraph at lines 127--129
[][][][][][][][][][][][][][][][][][][][][][][][][][][][][][][][][]  
 []

File: Images/logo.png Graphic file (type png)
<use Images/logo.png>
Package pdftex.def Info: Images/logo.png used on input line 133.
(pdftex.def)             Requested size: 123.46092pt x 131.49092pt.
File: Images/logo.png Graphic file (type png)
 <use Images/logo.png>
Package pdftex.def Info: Images/logo.png used on input line 133.
(pdftex.def)             Requested size: 28.45274pt x 30.30254pt.
 [26 <./images/robot.png>]
Overfull \hbox (267.64966pt too wide) in paragraph at lines 168--169
[][][][][][][][][][][][][][][][][][][][][][][][][][][][][][][][][][][][][][][][
][][][][] 
 []

File: Images/logo.png Graphic file (type png)
<use Images/logo.png>
Package pdftex.def Info: Images/logo.png used on input line 171.
(pdftex.def)             Requested size: 123.46092pt x 131.49092pt.
File: Images/logo.png Graphic file (type png)
 <use Images/logo.png>
Package pdftex.def Info: Images/logo.png used on input line 171.
(pdftex.def)             Requested size: 28.45274pt x 30.30254pt.
 [27]
Overfull \hbox (18.15683pt too wide) in paragraph at lines 175--176
[][][][][][][][][][][][][][][][][][][][][][][][][][]  
 []

File: Images/logo.png Graphic file (type png)
<use Images/logo.png>
Package pdftex.def Info: Images/logo.png used on input line 181.
(pdftex.def)             Requested size: 123.46092pt x 131.49092pt.
File: Images/logo.png Graphic file (type png)
 <use Images/logo.png>
Package pdftex.def Info: Images/logo.png used on input line 181.
(pdftex.def)             Requested size: 28.45274pt x 30.30254pt.
 [28]
<images/shapedraw.png, id=699, 382.42876pt x 204.765pt>
File: images/shapedraw.png Graphic file (type png)

<use images/shapedraw.png>
Package pdftex.def Info: images/shapedraw.png used on input line 222.
(pdftex.def)             Requested size: 382.42781pt x 204.76448pt.

Overfull \hbox (21.8025pt too wide) in paragraph at lines 220--224
[]
 []

File: Images/logo.png Graphic file (type png)
<use Images/logo.png>
Package pdftex.def Info: Images/logo.png used on input line 224.
(pdftex.def)             Requested size: 123.46092pt x 131.49092pt.
File: Images/logo.png Graphic file (type png)
 <use Images/logo.png>
Package pdftex.def Info: Images/logo.png used on input line 224.
(pdftex.def)             Requested size: 28.45274pt x 30.30254pt.
 [29]
File: Images/logo.png Graphic file (type png)
 <use Images/logo.png>
Package pdftex.def Info: Images/logo.png used on input line 249.
(pdftex.def)             Requested size: 123.46092pt x 131.49092pt.
File: Images/logo.png Graphic file (type png)

<use Images/logo.png>
Package pdftex.def Info: Images/logo.png used on input line 249.
(pdftex.def)             Requested size: 28.45274pt x 30.30254pt.
 [30 <./images/shapedraw.png>]
File: Images/logo.png Graphic file (type png)
 <use Images/logo.png>
Package pdftex.def Info: Images/logo.png used on input line 273.
(pdftex.def)             Requested size: 123.46092pt x 131.49092pt.
File: Images/logo.png Graphic file (type png)

<use Images/logo.png>
Package pdftex.def Info: Images/logo.png used on input line 273.
(pdftex.def)             Requested size: 28.45274pt x 30.30254pt.
 [31]
Overfull \hbox (26.77931pt too wide) in paragraph at lines 283--284
[][][][][][][][][][][][][][][][][][][][][][][][][][][][][][][][][][][][][][][][
][][][][][][][][][][][][][][][][][][][][][]  
 []

File: Images/logo.png Graphic file (type png)
<use Images/logo.png>
Package pdftex.def Info: Images/logo.png used on input line 291.
(pdftex.def)             Requested size: 123.46092pt x 131.49092pt.
File: Images/logo.png Graphic file (type png)
 <use Images/logo.png>
Package pdftex.def Info: Images/logo.png used on input line 291.
(pdftex.def)             Requested size: 28.45274pt x 30.30254pt.
 [32]
File: Images/logo.png Graphic file (type png)
 <use Images/logo.png>
Package pdftex.def Info: Images/logo.png used on input line 311.
(pdftex.def)             Requested size: 123.46092pt x 131.49092pt.
File: Images/logo.png Graphic file (type png)

<use Images/logo.png>
Package pdftex.def Info: Images/logo.png used on input line 311.
(pdftex.def)             Requested size: 28.45274pt x 30.30254pt.
 [33])
Chapter 5.

Underfull \hbox (badness 10000) in paragraph at lines 168--171

 []


Underfull \hbox (badness 10000) in paragraph at lines 173--177

 []

File: Images/logo.png Graphic file (type png)
<use Images/logo.png>
Package pdftex.def Info: Images/logo.png used on input line 177.
(pdftex.def)             Requested size: 123.46092pt x 131.49092pt.
 [34

]
File: Images/logo.png Graphic file (type png)
 <use Images/logo.png>
Package pdftex.def Info: Images/logo.png used on input line 179.
(pdftex.def)             Requested size: 123.46092pt x 131.49092pt.
File: Images/logo.png Graphic file (type png)
 <use Images/logo.png>
Package pdftex.def Info: Images/logo.png used on input line 179.
(pdftex.def)             Requested size: 28.45274pt x 30.30254pt.
 [35]
File: Images/logo.png Graphic file (type png)

<use Images/logo.png>
Package pdftex.def Info: Images/logo.png used on input line 218.
(pdftex.def)             Requested size: 123.46092pt x 131.49092pt.
 [36

pdfTeX warning (ext4): destination with the same identifier (name{cite.}) has b
een already used, duplicate ignored

\AtBegShi@Output ...ipout \box \AtBeginShipoutBox 
                                                  \fi \fi 
l.218 \end{document}
                    pdfTeX warning (ext4): destination with the same identifier
 (name{cite.}) has been already used, duplicate ignored

\AtBegShi@Output ...ipout \box \AtBeginShipoutBox 
                                                  \fi \fi 
l.218 \end{document}
                    pdfTeX warning (ext4): destination with the same identifier
 (name{cite.}) has been already used, duplicate ignored

\AtBegShi@Output ...ipout \box \AtBeginShipoutBox 
                                                  \fi \fi 
l.218 \end{document}
                    pdfTeX warning (ext4): destination with the same identifier
 (name{cite.}) has been already used, duplicate ignored

\AtBegShi@Output ...ipout \box \AtBeginShipoutBox 
                                                  \fi \fi 
l.218 \end{document}
                    ]
Package atveryend Info: Empty hook `BeforeClearDocument' on input line 218.
Package atveryend Info: Empty hook `AfterLastShipout' on input line 218.
 (main.aux)
Package atveryend Info: Executing hook `AtVeryEndDocument' on input line 218.
Package atveryend Info: Executing hook `AtEndAfterFileList' on input line 218.
Package rerunfilecheck Info: File `main.out' has not changed.
(rerunfilecheck)             Checksum: 464E461D4E2B6959463E77CC7D1598AD;2361.


LaTeX Warning: There were multiply-defined labels.

Package atveryend Info: Empty hook `AtVeryVeryEnd' on input line 218.
 ) 
Here is how much of TeX's memory you used:
 32156 strings out of 493333
 640054 string characters out of 3139191
 770326 words of memory out of 3000000
 34796 multiletter control sequences out of 15000+200000
 538470 words of font info for 51 fonts, out of 3000000 for 9000
 1141 hyphenation exceptions out of 8191
 63i,16n,101p,10535b,2329s stack positions out of 5000i,500n,10000p,200000b,50000s
<E:/Program Files/MiKTeX 2.9/fonts/type1/public/amsfonts/cm/cmbx12.pfb><E:/Pr
ogram Files/MiKTeX 2.9/fonts/type1/public/amsfonts/cm/cmcsc10.pfb><E:/Program F
iles/MiKTeX 2.9/fonts/type1/public/amsfonts/cm/cmmi12.pfb><E:/Program Files/MiK
TeX 2.9/fonts/type1/public/amsfonts/cm/cmr12.pfb><E:/Program Files/MiKTeX 2.9/f
onts/type1/public/amsfonts/cm/cmr17.pfb><E:/Program Files/MiKTeX 2.9/fonts/type
1/public/amsfonts/cm/cmsy10.pfb><E:/Program Files/MiKTeX 2.9/fonts/type1/public
/amsfonts/cm/cmti12.pfb><E:/Program Files/MiKTeX 2.9/fonts/type1/public/amsfont
s/cm/cmtt10.pfb><E:/Program Files/MiKTeX 2.9/fonts/type1/public/amsfonts/cm/cmt
t12.pfb>
Output written on main.pdf (37 pages, 1735865 bytes).
PDF statistics:
 940 PDF objects out of 1000 (max. 8388607)
 421 named destinations out of 1000 (max. 500000)
 545 words of extra memory for PDF output out of 10000 (max. 10000000)

